c:\data\zoe\vsprojects\holoblink\holoblink\x64\debug\vc120.pdb
c:\data\zoe\vsprojects\holoblink\holoblink\x64\debug\main.obj
c:\data\zoe\vsprojects\holoblink\holoblink\x64\debug\holoblink.obj
c:\data\zoe\vsprojects\holoblink\holoblink\x64\debug\moc_holoblink.obj
c:\data\zoe\vsprojects\holoblink\holoblink\x64\debug\qrc_holoblink.obj
c:\data\zoe\vsprojects\holoblink\holoblink\generatedfiles\debug\moc_holoblink.cpp
c:\data\zoe\vsprojects\holoblink\holoblink\generatedfiles\ui_holoblink.h
c:\data\zoe\vsprojects\holoblink\holoblink\generatedfiles\qrc_holoblink.cpp
c:\data\zoe\vsprojects\holoblink\x64\debug\holoblink.ilk
c:\data\zoe\vsprojects\holoblink\x64\debug\holoblink.exe
c:\data\zoe\vsprojects\holoblink\x64\debug\holoblink.pdb
c:\data\zoe\vsprojects\holoblink\holoblink\x64\debug\holoblink.tlog\cl.command.1.tlog
c:\data\zoe\vsprojects\holoblink\holoblink\x64\debug\holoblink.tlog\cl.read.1.tlog
c:\data\zoe\vsprojects\holoblink\holoblink\x64\debug\holoblink.tlog\cl.write.1.tlog
c:\data\zoe\vsprojects\holoblink\holoblink\x64\debug\holoblink.tlog\custombuild.command.1.tlog
c:\data\zoe\vsprojects\holoblink\holoblink\x64\debug\holoblink.tlog\custombuild.read.1.tlog
c:\data\zoe\vsprojects\holoblink\holoblink\x64\debug\holoblink.tlog\custombuild.write.1.tlog
c:\data\zoe\vsprojects\holoblink\holoblink\x64\debug\holoblink.tlog\link.command.1.tlog
c:\data\zoe\vsprojects\holoblink\holoblink\x64\debug\holoblink.tlog\link.read.1.tlog
c:\data\zoe\vsprojects\holoblink\holoblink\x64\debug\holoblink.tlog\link.write.1.tlog
